<<<<<<< Updated upstream
#
# A fatal error has been detected by the Java Runtime Environment:
#
#  EXCEPTION_ACCESS_VIOLATION (0xc0000005) at pc=0x0000000000000000, pid=13588, tid=0x0000000000000434
#
# JRE version: OpenJDK Runtime Environment (8.0_202-b03) (build 1.8.0_202-release-1483-b03)
# Java VM: OpenJDK 64-Bit Server VM (25.202-b03 mixed mode windows-amd64 compressed oops)
# Problematic frame:
# C  0x0000000000000000
#
# Failed to write core dump. Minidumps are not enabled by default on client versions of Windows
#
# If you would like to submit a bug report, please visit:
#   http://bugreport.java.com/bugreport/crash.jsp
# The crash happened outside the Java Virtual Machine in native code.
# See problematic frame for where to report the bug.
#

---------------  T H R E A D  ---------------

Current thread (0x000000001f628000):  JavaThread "LWJGL Application" [_thread_in_native, id=1076, stack(0x0000000020e60000,0x0000000020f60000)]

siginfo: ExceptionCode=0xc0000005, ExceptionInformation=0x0000000000000008 0x0000000000000000

Registers:
RAX=0x000000001fe4d870, RBX=0x000000002bdf00a0, RCX=0x000000001fdf9840, RDX=0x000000002ba9e050
RSP=0x0000000020f5f328, RBP=0x0000000020f5f4b0, RSI=0x000000001fdf9840, RDI=0x000000002beb00b0
R8 =0x000000001fdf9840, R9 =0x000000006803e260, R10=0x0000000000000000, R11=0x0000000020f5f360
R12=0x000000001fdf9840, R13=0x0000000020f5f44f, R14=0x0000000020f5f608, R15=0x000000001f628000
RIP=0x0000000000000000, EFLAGS=0x0000000000010206

Top of Stack: (sp=0x0000000020f5f328)
0x0000000020f5f328:   0000000067cf8131 0000000000000050
0x0000000020f5f338:   0000000000000000 0000000000000020
0x0000000020f5f348:   00007ffe22d342ea 000005b3ac97011f
0x0000000020f5f358:   000000002bdf0090 000000001fdf9840
0x0000000020f5f368:   0000000067cf818d 0000000000000050
0x0000000020f5f378:   0000000000000000 0000000000000020
0x0000000020f5f388:   00007ffe22d342ea 000000001fd8b7b0
0x0000000020f5f398:   000000002beb0180 000000001fdf9840
0x0000000020f5f3a8:   0000000067cca24f 00007ffdbc0b34a0
0x0000000020f5f3b8:   00007ffe22d34262 000000001fd8b7b0
0x0000000020f5f3c8:   0000000000000000 000000001fd8b450
0x0000000020f5f3d8:   000000002beb0180 0000000000000000
0x0000000020f5f3e8:   0000000067cca862 00007ffdbc0b36c0
0x0000000020f5f3f8:   00007ffdbbfecef0 000000001fd8b450
0x0000000020f5f408:   0000000000000000 0000000000000050
0x0000000020f5f418:   0000000067cca79d 0000000000000000 

Instructions: (pc=0x0000000000000000)
0xffffffffffffffe0:   


Register to memory mapping:

RAX=0x000000001fe4d870 is an unknown value
RBX=0x000000002bdf00a0 is an unknown value
RCX=0x000000001fdf9840 is an unknown value
RDX=0x000000002ba9e050 is an unknown value
RSP=0x0000000020f5f328 is pointing into the stack for thread: 0x000000001f628000
RBP=0x0000000020f5f4b0 is pointing into the stack for thread: 0x000000001f628000
RSI=0x000000001fdf9840 is an unknown value
RDI=0x000000002beb00b0 is an unknown value
R8 =0x000000001fdf9840 is an unknown value
R9 =0x000000006803e260 is an unknown value
R10=0x0000000000000000 is an unknown value
R11=0x0000000020f5f360 is pointing into the stack for thread: 0x000000001f628000
R12=0x000000001fdf9840 is an unknown value
R13=0x0000000020f5f44f is pointing into the stack for thread: 0x000000001f628000
R14=0x0000000020f5f608 is pointing into the stack for thread: 0x000000001f628000
R15=0x000000001f628000 is a thread


Stack: [0x0000000020e60000,0x0000000020f60000],  sp=0x0000000020f5f328,  free space=1020k
Native frames: (J=compiled Java code, j=interpreted, Vv=VM code, C=native code)

Java frames: (J=compiled Java code, j=interpreted, Vv=VM code)
j  com.badlogic.gdx.physics.bullet.dynamics.DynamicsJNI.delete_btDiscreteDynamicsWorld(J)V+0
j  com.badlogic.gdx.physics.bullet.dynamics.btDiscreteDynamicsWorld.delete()V+25
j  com.badlogic.gdx.physics.bullet.BulletBase.dispose()V+74
j  com.mygdx.game.DynamicWorld.dispose()V+21
j  com.mygdx.game.Maze.dispose()V+112
j  com.badlogic.gdx.backends.lwjgl.LwjglApplication.mainLoop()V+918
j  com.badlogic.gdx.backends.lwjgl.LwjglApplication$1.run()V+27
v  ~StubRoutines::call_stub

---------------  P R O C E S S  ---------------

Java Threads: ( => current thread )
  0x000000002a9a2000 JavaThread "LWJGL Timer" daemon [_thread_blocked, id=6884, stack(0x000000002c8f0000,0x000000002c9f0000)]
  0x000000001dd06000 JavaThread "AssetManager" daemon [_thread_blocked, id=17344, stack(0x000000002c7f0000,0x000000002c8f0000)]
  0x000000001db61000 JavaThread "DestroyJavaVM" [_thread_blocked, id=11904, stack(0x00000000029b0000,0x0000000002ab0000)]
=>0x000000001f628000 JavaThread "LWJGL Application" [_thread_in_native, id=1076, stack(0x0000000020e60000,0x0000000020f60000)]
  0x000000001ddc8000 JavaThread "Service Thread" daemon [_thread_blocked, id=1284, stack(0x000000001f370000,0x000000001f470000)]
  0x000000001dd2a800 JavaThread "C1 CompilerThread3" daemon [_thread_blocked, id=3264, stack(0x000000001f270000,0x000000001f370000)]
  0x000000001dd2a000 JavaThread "C2 CompilerThread2" daemon [_thread_blocked, id=8996, stack(0x000000001f170000,0x000000001f270000)]
  0x000000001dd28000 JavaThread "C2 CompilerThread1" daemon [_thread_blocked, id=18580, stack(0x000000001f070000,0x000000001f170000)]
  0x000000001dd27000 JavaThread "C2 CompilerThread0" daemon [_thread_blocked, id=13580, stack(0x000000001ef70000,0x000000001f070000)]
  0x000000001dd1e800 JavaThread "Monitor Ctrl-Break" daemon [_thread_in_native, id=15120, stack(0x000000001ee70000,0x000000001ef70000)]
  0x000000001db7b000 JavaThread "Attach Listener" daemon [_thread_blocked, id=19120, stack(0x000000001ed70000,0x000000001ee70000)]
  0x000000001db78000 JavaThread "Signal Dispatcher" daemon [_thread_blocked, id=15028, stack(0x000000001ec70000,0x000000001ed70000)]
  0x000000001db06000 JavaThread "Finalizer" daemon [_thread_blocked, id=8508, stack(0x000000001ea60000,0x000000001eb60000)]
  0x000000001c76e000 JavaThread "Reference Handler" daemon [_thread_blocked, id=17200, stack(0x000000001e960000,0x000000001ea60000)]

Other Threads:
  0x000000001c761800 VMThread [stack: 0x000000001e860000,0x000000001e960000] [id=11880]
  0x000000001ddcb000 WatcherThread [stack: 0x000000001f470000,0x000000001f570000] [id=7348]

VM state:not at safepoint (normal execution)

VM Mutex/Monitor currently owned by a thread: None

heap address: 0x00000006c1e00000, size: 4066 MB, Compressed Oops mode: Zero based, Oop shift amount: 3
Narrow klass base: 0x0000000000000000, Narrow klass shift: 3
Compressed class space size: 1073741824 Address: 0x00000007c0000000

Heap:
 PSYoungGen      total 76288K, used 49098K [0x000000076b500000, 0x0000000770a00000, 0x00000007c0000000)
  eden space 65536K, 74% used [0x000000076b500000,0x000000076e4f2820,0x000000076f500000)
  from space 10752K, 0% used [0x000000076ff80000,0x000000076ff80000,0x0000000770a00000)
  to   space 10752K, 0% used [0x000000076f500000,0x000000076f500000,0x000000076ff80000)
 ParOldGen       total 175104K, used 0K [0x00000006c1e00000, 0x00000006cc900000, 0x000000076b500000)
  object space 175104K, 0% used [0x00000006c1e00000,0x00000006c1e00000,0x00000006cc900000)
 Metaspace       used 10936K, capacity 11027K, committed 11264K, reserved 1058816K
  class space    used 879K, capacity 912K, committed 1024K, reserved 1048576K

Card table byte_map: [0x0000000012110000,0x0000000012910000] byte_map_base: 0x000000000eb01000

Marking Bits: (ParMarkBitMap*) 0x0000000057f49f30
 Begin Bits: [0x0000000013660000, 0x00000000175e8000)
 End Bits:   [0x00000000175e8000, 0x000000001b570000)

Polling page: 0x00000000027b0000

CodeCache: size=245760Kb used=4707Kb max_used=4715Kb free=241052Kb
 bounds [0x0000000002d50000, 0x0000000003200000, 0x0000000011d50000]
 total_blobs=1945 nmethods=1139 adapters=720
 compilation: enabled

Compilation events (10 events):
Event: 20.271 Thread 0x000000001dd27000 1135       4       com.badlogic.gdx.graphics.g3d.shaders.BaseShader::render (150 bytes)
Event: 20.294 Thread 0x000000001dd27000 nmethod 1135 0x00000000031e8c90 code [0x00000000031e8f00, 0x00000000031ea480]
Event: 20.521 Thread 0x000000001dd28000 1136       4       org.lwjgl.opengl.Display::getPixelScaleFactor (9 bytes)
Event: 20.521 Thread 0x000000001dd28000 nmethod 1136 0x0000000003104310 code [0x0000000003104460, 0x0000000003104498]
Event: 21.370 Thread 0x000000001dd2a800 1137       3       java.nio.Bits::makeInt (29 bytes)
Event: 21.370 Thread 0x000000001dd2a800 nmethod 1137 0x00000000031e5d10 code [0x00000000031e5e60, 0x00000000031e5fb0]
Event: 21.370 Thread 0x000000001dd2a000 1138       4       com.badlogic.gdx.graphics.g3d.shaders.DefaultShader::bindLights (1221 bytes)
Event: 21.396 Thread 0x000000001dd2a000 nmethod 1138 0x00000000031ed150 code [0x00000000031ed3e0, 0x00000000031eecd0]
Event: 21.771 Thread 0x000000001dd27000 1139 %     4       com.badlogic.gdx.graphics.g3d.environment.AmbientCubemap::clamp @ 2 (34 bytes)
Event: 21.773 Thread 0x000000001dd27000 nmethod 1139% 0x00000000031e4890 code [0x00000000031e4a00, 0x00000000031e4cd8]

GC Heap History (0 events):
No events

Deoptimization events (10 events):
Event: 1.510 Thread 0x000000001f628000 Uncommon trap: reason=array_check action=maybe_recompile pc=0x000000000305cc50 method=com.badlogic.gdx.utils.Array.add(Ljava/lang/Object;)V @ 46
Event: 1.514 Thread 0x000000001dd06000 Uncommon trap: reason=unstable_if action=reinterpret pc=0x0000000003039478 method=java.util.regex.Pattern$Start.match(Ljava/util/regex/Matcher;ILjava/lang/CharSequence;)Z @ 10
Event: 1.514 Thread 0x000000001dd06000 Uncommon trap: reason=array_check action=maybe_recompile pc=0x00000000030634a8 method=java.util.AbstractCollection.toArray([Ljava/lang/Object;)[Ljava/lang/Object; @ 119
Event: 1.515 Thread 0x000000001dd06000 Uncommon trap: reason=array_check action=maybe_recompile pc=0x00000000030634a8 method=java.util.AbstractCollection.toArray([Ljava/lang/Object;)[Ljava/lang/Object; @ 119
Event: 1.515 Thread 0x000000001dd06000 Uncommon trap: reason=array_check action=maybe_recompile pc=0x00000000030634a8 method=java.util.AbstractCollection.toArray([Ljava/lang/Object;)[Ljava/lang/Object; @ 119
Event: 1.515 Thread 0x000000001dd06000 Uncommon trap: reason=unstable_if action=reinterpret pc=0x000000000304ca24 method=sun.misc.FloatingDecimal$ASCIIToBinaryBuffer.floatValue()F @ 65
Event: 1.529 Thread 0x000000001dd06000 Uncommon trap: reason=predicate action=maybe_recompile pc=0x0000000003049d8c method=java.util.regex.Pattern$Start.match(Ljava/util/regex/Matcher;ILjava/lang/CharSequence;)Z @ 37
Event: 1.700 Thread 0x000000001f628000 Uncommon trap: reason=unstable_if action=reinterpret pc=0x0000000003062dc0 method=java.util.Arrays.copyOf([Ljava/lang/Object;ILjava/lang/Class;)[Ljava/lang/Object; @ 3
Event: 1.768 Thread 0x000000001f628000 Uncommon trap: reason=unstable_if action=reinterpret pc=0x000000000307ad6c method=com.badlogic.gdx.math.collision.BoundingBox.set(Lcom/badlogic/gdx/math/Vector3;Lcom/badlogic/gdx/math/Vector3;)Lcom/badlogic/gdx/math/collision/BoundingBox; @ 13
Event: 10.940 Thread 0x000000001f628000 Uncommon trap: reason=array_check action=maybe_recompile pc=0x000000000305cc50 method=com.badlogic.gdx.utils.Array.add(Ljava/lang/Object;)V @ 46

Classes redefined (0 events):
No events

Internal exceptions (10 events):
Event: 0.167 Thread 0x0000000002b59800 Exception <a 'java/security/PrivilegedActionException'> (0x000000076babe298) thrown at [D:\src\AOSP-openjdk-cygwin\jdk8u\hotspot\src\share\vm\prims\jvm.cpp, line 1508]
Event: 0.167 Thread 0x0000000002b59800 Exception <a 'java/security/PrivilegedActionException'> (0x000000076babe4a8) thrown at [D:\src\AOSP-openjdk-cygwin\jdk8u\hotspot\src\share\vm\prims\jvm.cpp, line 1508]
Event: 0.167 Thread 0x0000000002b59800 Exception <a 'java/security/PrivilegedActionException'> (0x000000076babf9e0) thrown at [D:\src\AOSP-openjdk-cygwin\jdk8u\hotspot\src\share\vm\prims\jvm.cpp, line 1508]
Event: 0.167 Thread 0x0000000002b59800 Exception <a 'java/security/PrivilegedActionException'> (0x000000076babfbf0) thrown at [D:\src\AOSP-openjdk-cygwin\jdk8u\hotspot\src\share\vm\prims\jvm.cpp, line 1508]
Event: 0.654 Thread 0x0000000002b59800 Exception <a 'java/security/PrivilegedActionException'> (0x000000076bced5f8) thrown at [D:\src\AOSP-openjdk-cygwin\jdk8u\hotspot\src\share\vm\prims\jvm.cpp, line 1508]
Event: 0.654 Thread 0x0000000002b59800 Exception <a 'java/security/PrivilegedActionException'> (0x000000076bcef2d0) thrown at [D:\src\AOSP-openjdk-cygwin\jdk8u\hotspot\src\share\vm\prims\jvm.cpp, line 1508]
Event: 0.654 Thread 0x0000000002b59800 Exception <a 'java/security/PrivilegedActionException'> (0x000000076bcf0440) thrown at [D:\src\AOSP-openjdk-cygwin\jdk8u\hotspot\src\share\vm\prims\jvm.cpp, line 1508]
Event: 0.654 Thread 0x0000000002b59800 Exception <a 'java/security/PrivilegedActionException'> (0x000000076bcf5980) thrown at [D:\src\AOSP-openjdk-cygwin\jdk8u\hotspot\src\share\vm\prims\jvm.cpp, line 1508]
Event: 0.654 Thread 0x0000000002b59800 Exception <a 'java/security/PrivilegedActionException'> (0x000000076bcf65d8) thrown at [D:\src\AOSP-openjdk-cygwin\jdk8u\hotspot\src\share\vm\prims\jvm.cpp, line 1508]
Event: 0.654 Thread 0x0000000002b59800 Exception <a 'java/security/PrivilegedActionException'> (0x000000076bcf7200) thrown at [D:\src\AOSP-openjdk-cygwin\jdk8u\hotspot\src\share\vm\prims\jvm.cpp, line 1508]

Events (10 events):
Event: 10.940 Thread 0x000000001f964000 Thread added: 0x000000001f964000
Event: 10.941 Executing VM operation: RevokeBias
Event: 10.941 Executing VM operation: RevokeBias done
Event: 22.423 loading class com/badlogic/gdx/backends/lwjgl/LwjglApplication$2
Event: 22.423 loading class com/badlogic/gdx/backends/lwjgl/LwjglApplication$2 done
Event: 22.424 Executing VM operation: RevokeBias
Event: 22.424 Executing VM operation: RevokeBias done
Event: 22.424 Thread 0x000000001f964000 Thread exited: 0x000000001f964000
Event: 22.424 loading class com/badlogic/gdx/utils/ArrayMap$Values
Event: 22.424 loading class com/badlogic/gdx/utils/ArrayMap$Values done


Dynamic libraries:
0x00007ff7229d0000 - 0x00007ff722a01000 	C:\Program Files\Android\Android Studio\jre\bin\java.exe
0x00007ffe22cc0000 - 0x00007ffe22eb0000 	C:\WINDOWS\SYSTEM32\ntdll.dll
0x00007ffe212a0000 - 0x00007ffe21352000 	C:\WINDOWS\System32\KERNEL32.DLL
0x00007ffe1fc50000 - 0x00007ffe1fef3000 	C:\WINDOWS\System32\KERNELBASE.dll
0x00007ffe1cd90000 - 0x00007ffe1ce1f000 	C:\WINDOWS\SYSTEM32\apphelp.dll
0x00007ffdbbfa0000 - 0x00007ffdbc432000 	C:\WINDOWS\SYSTEM32\AcLayers.DLL
0x00007ffe21b30000 - 0x00007ffe21bce000 	C:\WINDOWS\System32\msvcrt.dll
0x00007ffe21bd0000 - 0x00007ffe21d64000 	C:\WINDOWS\System32\USER32.dll
0x00007ffe1fc20000 - 0x00007ffe1fc41000 	C:\WINDOWS\System32\win32u.dll
0x00007ffe22640000 - 0x00007ffe22666000 	C:\WINDOWS\System32\GDI32.dll
0x00007ffe1ff00000 - 0x00007ffe20094000 	C:\WINDOWS\System32\gdi32full.dll
0x00007ffe20ca0000 - 0x00007ffe20d3e000 	C:\WINDOWS\System32\msvcp_win.dll
0x00007ffe209f0000 - 0x00007ffe20aea000 	C:\WINDOWS\System32\ucrtbase.dll
0x00007ffe22b40000 - 0x00007ffe22b92000 	C:\WINDOWS\System32\SHLWAPI.dll
0x00007ffe20e20000 - 0x00007ffe21156000 	C:\WINDOWS\System32\combase.dll
0x00007ffe215a0000 - 0x00007ffe216c0000 	C:\WINDOWS\System32\RPCRT4.dll
0x00007ffe20ba0000 - 0x00007ffe20c20000 	C:\WINDOWS\System32\bcryptPrimitives.dll
0x00007ffe22ba0000 - 0x00007ffe22c43000 	C:\WINDOWS\System32\ADVAPI32.dll
0x00007ffe22670000 - 0x00007ffe22707000 	C:\WINDOWS\System32\sechost.dll
0x0000000000c50000 - 0x0000000000c53000 	C:\WINDOWS\SYSTEM32\sfc.dll
0x00007ffe04c00000 - 0x00007ffe04c89000 	C:\WINDOWS\SYSTEM32\WINSPOOL.DRV
0x00007ffe1fb70000 - 0x00007ffe1fb81000 	C:\WINDOWS\System32\kernel.appcore.dll
0x00007ffe20870000 - 0x00007ffe20896000 	C:\WINDOWS\System32\bcrypt.dll
0x00007ffe1ddf0000 - 0x00007ffe1dedf000 	C:\WINDOWS\SYSTEM32\PROPSYS.dll
0x00007ffe22840000 - 0x00007ffe22904000 	C:\WINDOWS\System32\OLEAUT32.dll
0x00007ffe20d70000 - 0x00007ffe20e19000 	C:\WINDOWS\System32\shcore.dll
0x00007ffe1f080000 - 0x00007ffe1f0ba000 	C:\WINDOWS\SYSTEM32\IPHLPAPI.DLL
0x00007ffe1bf60000 - 0x00007ffe1bf71000 	C:\WINDOWS\SYSTEM32\sfc_os.DLL
0x00007ffe20d40000 - 0x00007ffe20d6e000 	C:\WINDOWS\System32\IMM32.DLL
0x00007ffe03240000 - 0x00007ffe034c5000 	C:\WINDOWS\WinSxS\amd64_microsoft.windows.common-controls_6595b64144ccf1df_6.0.18362.535_none_e6c3b34713100821\COMCTL32.dll
0x0000000059530000 - 0x0000000059602000 	C:\Program Files\Android\Android Studio\jre\jre\bin\msvcr100.dll
0x0000000057780000 - 0x0000000057fc6000 	C:\Program Files\Android\Android Studio\jre\jre\bin\server\jvm.dll
0x00007ffe22710000 - 0x00007ffe22718000 	C:\WINDOWS\System32\PSAPI.DLL
0x00007ffe03770000 - 0x00007ffe03779000 	C:\WINDOWS\SYSTEM32\WSOCK32.dll
0x00007ffe21530000 - 0x00007ffe2159f000 	C:\WINDOWS\System32\WS2_32.dll
0x00007ffe1cbc0000 - 0x00007ffe1cbe4000 	C:\WINDOWS\SYSTEM32\WINMM.dll
0x00007ffe1ebc0000 - 0x00007ffe1ebca000 	C:\WINDOWS\SYSTEM32\VERSION.dll
0x00007ffe1cb90000 - 0x00007ffe1cbbd000 	C:\WINDOWS\SYSTEM32\winmmbase.dll
0x00007ffe20820000 - 0x00007ffe2086a000 	C:\WINDOWS\System32\cfgmgr32.dll
0x00007ffe1ccd0000 - 0x00007ffe1ccdf000 	C:\Program Files\Android\Android Studio\jre\jre\bin\verify.dll
0x00007ffe1b4f0000 - 0x00007ffe1b519000 	C:\Program Files\Android\Android Studio\jre\jre\bin\java.dll
0x00007ffdf8fc0000 - 0x00007ffdf8fe3000 	C:\Program Files\Android\Android Studio\jre\jre\bin\instrument.dll
0x00007ffe1b4d0000 - 0x00007ffe1b4e6000 	C:\Program Files\Android\Android Studio\jre\jre\bin\zip.dll
0x00007ffe21d70000 - 0x00007ffe22455000 	C:\WINDOWS\System32\SHELL32.dll
0x00007ffe200a0000 - 0x00007ffe2081f000 	C:\WINDOWS\System32\windows.storage.dll
0x00007ffe1fbb0000 - 0x00007ffe1fbcf000 	C:\WINDOWS\System32\profapi.dll
0x00007ffe1fbd0000 - 0x00007ffe1fc1a000 	C:\WINDOWS\System32\powrprof.dll
0x00007ffe1fb60000 - 0x00007ffe1fb70000 	C:\WINDOWS\System32\UMPDC.dll
0x00007ffe20c20000 - 0x00007ffe20c37000 	C:\WINDOWS\System32\cryptsp.dll
0x00007ffe03fe0000 - 0x00007ffe03ffa000 	C:\Program Files\Android\Android Studio\bin\breakgen64.dll
0x00007ffe1b440000 - 0x00007ffe1b45a000 	C:\Program Files\Android\Android Studio\jre\jre\bin\net.dll
0x00007ffe1f370000 - 0x00007ffe1f3d7000 	C:\WINDOWS\system32\mswsock.dll
0x0000000065ac0000 - 0x0000000065b0b000 	C:\Users\oleg\AppData\Local\Temp\libgdxoleg\7d76f548\gdx64.dll
0x00007ffe1eee0000 - 0x00007ffe1ef13000 	C:\WINDOWS\system32\rsaenh.dll
0x00007ffe1fa50000 - 0x00007ffe1fa75000 	C:\WINDOWS\SYSTEM32\USERENV.dll
0x00007ffe1f540000 - 0x00007ffe1f54c000 	C:\WINDOWS\SYSTEM32\CRYPTBASE.dll
0x00007ffe22720000 - 0x00007ffe22728000 	C:\WINDOWS\System32\NSI.dll
0x00007ffe1e120000 - 0x00007ffe1e136000 	C:\WINDOWS\SYSTEM32\dhcpcsvc6.DLL
0x00007ffe1e100000 - 0x00007ffe1e11c000 	C:\WINDOWS\SYSTEM32\dhcpcsvc.DLL
0x00007ffe1f0d0000 - 0x00007ffe1f19a000 	C:\WINDOWS\SYSTEM32\DNSAPI.dll
0x00007ffe0dfc0000 - 0x00007ffe0dfd1000 	C:\Program Files\Android\Android Studio\jre\jre\bin\nio.dll
0x0000000180000000 - 0x0000000180053000 	C:\Users\oleg\AppData\Local\Temp\libgdxoleg\1cecf4f6\lwjgl64.dll
0x00007ffe0d530000 - 0x00007ffe0d686000 	C:\WINDOWS\SYSTEM32\OPENGL32.dll
0x00007ffe166d0000 - 0x00007ffe166fc000 	C:\WINDOWS\SYSTEM32\GLU32.dll
0x00007ffe1e5b0000 - 0x00007ffe1e5d0000 	C:\WINDOWS\SYSTEM32\dxcore.dll
0x0000000020910000 - 0x0000000020974000 	C:\Users\oleg\AppData\Local\Temp\libgdxoleg\1cecf4f6\OpenAL64.dll
0x00007ffe224e0000 - 0x00007ffe22636000 	C:\WINDOWS\System32\ole32.dll
0x00007ffe1ce90000 - 0x00007ffe1cf29000 	C:\WINDOWS\system32\uxtheme.dll
0x00007ffe22730000 - 0x00007ffe227d2000 	C:\WINDOWS\System32\clbcatq.dll
0x00007ffde65d0000 - 0x00007ffde6669000 	C:\WINDOWS\SYSTEM32\dsound.dll
0x00007ffe15ff0000 - 0x00007ffe16062000 	C:\WINDOWS\System32\MMDevApi.dll
0x00007ffe1f900000 - 0x00007ffe1f92a000 	C:\WINDOWS\System32\DEVOBJ.dll
0x00007ffe16070000 - 0x00007ffe161cd000 	C:\WINDOWS\SYSTEM32\AUDIOSES.DLL
0x00007ffe1b580000 - 0x00007ffe1b6d3000 	C:\WINDOWS\SYSTEM32\wintypes.dll
0x00007ffe1b2f0000 - 0x00007ffe1b39e000 	C:\WINDOWS\SYSTEM32\mscms.dll
0x00007ffe1a440000 - 0x00007ffe1a457000 	C:\WINDOWS\SYSTEM32\ColorAdapterClient.dll
0x00007ffe12ec0000 - 0x00007ffe12eda000 	C:\Windows\System32\Windows.Internal.Graphics.Display.DisplayColorManagement.dll
0x00007ffe21160000 - 0x00007ffe21295000 	C:\WINDOWS\System32\MSCTF.dll
0x00007ffe12ee0000 - 0x00007ffe12f7e000 	C:\WINDOWS\System32\TextInputFramework.dll
0x00007ffe168b0000 - 0x00007ffe16bda000 	C:\WINDOWS\System32\CoreUIComponents.dll
0x00007ffe1c4a0000 - 0x00007ffe1c574000 	C:\WINDOWS\System32\CoreMessaging.dll
0x00007ffe1ea50000 - 0x00007ffe1ea81000 	C:\WINDOWS\SYSTEM32\ntmarta.dll
0x00007ffe0cc80000 - 0x00007ffe0cf26000 	C:\WINDOWS\System32\iertutil.dll
0x00007ffdbdae0000 - 0x00007ffdbe98f000 	C:\WINDOWS\System32\DriverStore\FileRepository\iigd_dch.inf_amd64_c6af1164d61e84b6\ig9icd64.dll
0x00007ffe1d3b0000 - 0x00007ffe1d3dd000 	C:\WINDOWS\SYSTEM32\dwmapi.dll
0x00007ffe1e640000 - 0x00007ffe1e72b000 	C:\WINDOWS\system32\dxgi.dll
0x00007ffdf69c0000 - 0x00007ffdf6a03000 	C:\WINDOWS\SYSTEM32\icm32.dll
0x00007ffe11500000 - 0x00007ffe1161a000 	C:\WINDOWS\System32\DriverStore\FileRepository\iigd_dch.inf_amd64_c6af1164d61e84b6\igdgmm64.dll
0x00007ffe0f550000 - 0x00007ffe114f7000 	C:\WINDOWS\System32\DriverStore\FileRepository\iigd_dch.inf_amd64_c6af1164d61e84b6\igc64.dll
0x0000000067cc0000 - 0x00000000681b3000 	C:\Users\oleg\AppData\Local\Temp\libgdxoleg\94dd86da\gdx-bullet64.dll
0x00007ffe16430000 - 0x00007ffe16495000 	C:\WINDOWS\system32\Ninput.dll
0x00007ffe1e360000 - 0x00007ffe1e554000 	C:\WINDOWS\SYSTEM32\dbghelp.dll

VM Arguments:
jvm_args: -javaagent:C:\Program Files\Android\Android Studio\lib\idea_rt.jar=61272:C:\Program Files\Android\Android Studio\bin -Dfile.encoding=UTF-8 
java_command: com.mygdx.game.desktop.DesktopLauncher
java_class_path (initial): C:\Program Files\Android\Android Studio\jre\jre\lib\charsets.jar;C:\Program Files\Android\Android Studio\jre\jre\lib\ext\access-bridge-64.jar;C:\Program Files\Android\Android Studio\jre\jre\lib\ext\cldrdata.jar;C:\Program Files\Android\Android Studio\jre\jre\lib\ext\dnsns.jar;C:\Program Files\Android\Android Studio\jre\jre\lib\ext\jaccess.jar;C:\Program Files\Android\Android Studio\jre\jre\lib\ext\localedata.jar;C:\Program Files\Android\Android Studio\jre\jre\lib\ext\nashorn.jar;C:\Program Files\Android\Android Studio\jre\jre\lib\ext\sunec.jar;C:\Program Files\Android\Android Studio\jre\jre\lib\ext\sunjce_provider.jar;C:\Program Files\Android\Android Studio\jre\jre\lib\ext\sunmscapi.jar;C:\Program Files\Android\Android Studio\jre\jre\lib\ext\sunpkcs11.jar;C:\Program Files\Android\Android Studio\jre\jre\lib\ext\zipfs.jar;C:\Program Files\Android\Android Studio\jre\jre\lib\jce.jar;C:\Program Files\Android\Android Studio\jre\jre\lib\jsse.jar;C:\Program Files\Android\Android Studio\jre\jre\lib\management-agent.jar;C:\Program Files\Android\Android Studio\jre\jre\lib\resources.jar;C:\Program Files\Android\Android Studio\jre\jre\lib\rt.jar;C:\LibGDX\Labirint\desktop\build\classes\java\main;C:\LibGDX\Labirint\desktop\build\resources\main;C:\LibGDX\Labirint\core\build\classes\java\main;C:\Users\oleg\.gradle\caches\modules-2\files-2.1\com.badlogicgames.box2dlights\box2dlights\1.4\3d77ad5b4164fb32fc67e2446e35911bb0aaf0bd\box2dlights-1.4.jar;C:\Users\oleg\.gradle\caches\modules-2\files-2.1\com.badlogicgames.gdx\gdx-box2d\1.9.10\d68a7a3484d47529a8d23cd467579eb098b38a9e\gdx-box2d-1.9.10.jar;C:\Users\oleg\.gradle\caches\modules-2\files-2.1\com.badlogicgames.gdx\gdx-controllers\1.9.10\b63b3ad62050405148be30ffd2e1946c13123cec\gdx-controllers-1.9.10.jar;C:\Users\oleg\.gradle\caches\modules-2\files-2.1\com.badlogicgames.gdx\gdx-bullet\1.9.10\4208c56dd3fa70377b5b3da66278b3070ade38cc\gdx-bullet-1.9.10.jar;C:\Users\oleg\.gradle\caches\modules-2\files-2.1\com.
Launcher Type: SUN_STANDARD

Environment Variables:
PATH=C:\Program Files (x86)\Common Files\Oracle\Java\javapath;C:\WINDOWS\system32;C:\WINDOWS;C:\WINDOWS\System32\Wbem;C:\WINDOWS\System32\WindowsPowerShell\v1.0\;C:\WINDOWS\System32\OpenSSH\;C:\Program Files\Intel\WiFi\bin\;C:\Program Files\Common Files\Intel\WirelessCommon\;C:\Program Files (x86)\Intel\Intel(R) Management Engine Components\DAL;C:\Program Files\Intel\Intel(R) Management Engine Components\DAL;C:\Program Files\Git\cmd;C:\Users\oleg\AppData\Local\Microsoft\WindowsApps;
USERNAME=oleg
OS=Windows_NT
PROCESSOR_IDENTIFIER=Intel64 Family 6 Model 142 Stepping 11, GenuineIntel



---------------  S Y S T E M  ---------------

OS: Windows 10.0 , 64 bit Build 18362 (10.0.18362.329)

CPU:total 8 (initial active 8) (4 cores per cpu, 2 threads per core) family 6 model 142 stepping 11, cmov, cx8, fxsr, mmx, sse, sse2, sse3, ssse3, sse4.1, sse4.2, popcnt, avx, avx2, aes, clmul, erms, 3dnowpref, lzcnt, ht, tsc, tscinvbit, bmi1, bmi2, adx

Memory: 4k page, physical 16646960k(5515376k free), swap 20169240k(6656520k free)

vm_info: OpenJDK 64-Bit Server VM (25.202-b03) for windows-amd64 JRE (1.8.0_202-release-1483-b03), built by "builder" with MS VC++ 10.0 (VS2010)

time: Tue Dec 31 16:11:11 2019
timezone: RTZ 2 (зима)
elapsed time: 22 seconds (0d 0h 0m 22s)

=======
#
# A fatal error has been detected by the Java Runtime Environment:
#
#  EXCEPTION_ACCESS_VIOLATION (0xc0000005) at pc=0x0000000000000000, pid=13588, tid=0x0000000000000434
#
# JRE version: OpenJDK Runtime Environment (8.0_202-b03) (build 1.8.0_202-release-1483-b03)
# Java VM: OpenJDK 64-Bit Server VM (25.202-b03 mixed mode windows-amd64 compressed oops)
# Problematic frame:
# C  0x0000000000000000
#
# Failed to write core dump. Minidumps are not enabled by default on client versions of Windows
#
# If you would like to submit a bug report, please visit:
#   http://bugreport.java.com/bugreport/crash.jsp
# The crash happened outside the Java Virtual Machine in native code.
# See problematic frame for where to report the bug.
#

---------------  T H R E A D  ---------------

Current thread (0x000000001f628000):  JavaThread "LWJGL Application" [_thread_in_native, id=1076, stack(0x0000000020e60000,0x0000000020f60000)]

siginfo: ExceptionCode=0xc0000005, ExceptionInformation=0x0000000000000008 0x0000000000000000

Registers:
RAX=0x000000001fe4d870, RBX=0x000000002bdf00a0, RCX=0x000000001fdf9840, RDX=0x000000002ba9e050
RSP=0x0000000020f5f328, RBP=0x0000000020f5f4b0, RSI=0x000000001fdf9840, RDI=0x000000002beb00b0
R8 =0x000000001fdf9840, R9 =0x000000006803e260, R10=0x0000000000000000, R11=0x0000000020f5f360
R12=0x000000001fdf9840, R13=0x0000000020f5f44f, R14=0x0000000020f5f608, R15=0x000000001f628000
RIP=0x0000000000000000, EFLAGS=0x0000000000010206

Top of Stack: (sp=0x0000000020f5f328)
0x0000000020f5f328:   0000000067cf8131 0000000000000050
0x0000000020f5f338:   0000000000000000 0000000000000020
0x0000000020f5f348:   00007ffe22d342ea 000005b3ac97011f
0x0000000020f5f358:   000000002bdf0090 000000001fdf9840
0x0000000020f5f368:   0000000067cf818d 0000000000000050
0x0000000020f5f378:   0000000000000000 0000000000000020
0x0000000020f5f388:   00007ffe22d342ea 000000001fd8b7b0
0x0000000020f5f398:   000000002beb0180 000000001fdf9840
0x0000000020f5f3a8:   0000000067cca24f 00007ffdbc0b34a0
0x0000000020f5f3b8:   00007ffe22d34262 000000001fd8b7b0
0x0000000020f5f3c8:   0000000000000000 000000001fd8b450
0x0000000020f5f3d8:   000000002beb0180 0000000000000000
0x0000000020f5f3e8:   0000000067cca862 00007ffdbc0b36c0
0x0000000020f5f3f8:   00007ffdbbfecef0 000000001fd8b450
0x0000000020f5f408:   0000000000000000 0000000000000050
0x0000000020f5f418:   0000000067cca79d 0000000000000000 

Instructions: (pc=0x0000000000000000)
0xffffffffffffffe0:   


Register to memory mapping:

RAX=0x000000001fe4d870 is an unknown value
RBX=0x000000002bdf00a0 is an unknown value
RCX=0x000000001fdf9840 is an unknown value
RDX=0x000000002ba9e050 is an unknown value
RSP=0x0000000020f5f328 is pointing into the stack for thread: 0x000000001f628000
RBP=0x0000000020f5f4b0 is pointing into the stack for thread: 0x000000001f628000
RSI=0x000000001fdf9840 is an unknown value
RDI=0x000000002beb00b0 is an unknown value
R8 =0x000000001fdf9840 is an unknown value
R9 =0x000000006803e260 is an unknown value
R10=0x0000000000000000 is an unknown value
R11=0x0000000020f5f360 is pointing into the stack for thread: 0x000000001f628000
R12=0x000000001fdf9840 is an unknown value
R13=0x0000000020f5f44f is pointing into the stack for thread: 0x000000001f628000
R14=0x0000000020f5f608 is pointing into the stack for thread: 0x000000001f628000
R15=0x000000001f628000 is a thread


Stack: [0x0000000020e60000,0x0000000020f60000],  sp=0x0000000020f5f328,  free space=1020k
Native frames: (J=compiled Java code, j=interpreted, Vv=VM code, C=native code)

Java frames: (J=compiled Java code, j=interpreted, Vv=VM code)
j  com.badlogic.gdx.physics.bullet.dynamics.DynamicsJNI.delete_btDiscreteDynamicsWorld(J)V+0
j  com.badlogic.gdx.physics.bullet.dynamics.btDiscreteDynamicsWorld.delete()V+25
j  com.badlogic.gdx.physics.bullet.BulletBase.dispose()V+74
j  com.mygdx.game.DynamicWorld.dispose()V+21
j  com.mygdx.game.Maze.dispose()V+112
j  com.badlogic.gdx.backends.lwjgl.LwjglApplication.mainLoop()V+918
j  com.badlogic.gdx.backends.lwjgl.LwjglApplication$1.run()V+27
v  ~StubRoutines::call_stub

---------------  P R O C E S S  ---------------

Java Threads: ( => current thread )
  0x000000002a9a2000 JavaThread "LWJGL Timer" daemon [_thread_blocked, id=6884, stack(0x000000002c8f0000,0x000000002c9f0000)]
  0x000000001dd06000 JavaThread "AssetManager" daemon [_thread_blocked, id=17344, stack(0x000000002c7f0000,0x000000002c8f0000)]
  0x000000001db61000 JavaThread "DestroyJavaVM" [_thread_blocked, id=11904, stack(0x00000000029b0000,0x0000000002ab0000)]
=>0x000000001f628000 JavaThread "LWJGL Application" [_thread_in_native, id=1076, stack(0x0000000020e60000,0x0000000020f60000)]
  0x000000001ddc8000 JavaThread "Service Thread" daemon [_thread_blocked, id=1284, stack(0x000000001f370000,0x000000001f470000)]
  0x000000001dd2a800 JavaThread "C1 CompilerThread3" daemon [_thread_blocked, id=3264, stack(0x000000001f270000,0x000000001f370000)]
  0x000000001dd2a000 JavaThread "C2 CompilerThread2" daemon [_thread_blocked, id=8996, stack(0x000000001f170000,0x000000001f270000)]
  0x000000001dd28000 JavaThread "C2 CompilerThread1" daemon [_thread_blocked, id=18580, stack(0x000000001f070000,0x000000001f170000)]
  0x000000001dd27000 JavaThread "C2 CompilerThread0" daemon [_thread_blocked, id=13580, stack(0x000000001ef70000,0x000000001f070000)]
  0x000000001dd1e800 JavaThread "Monitor Ctrl-Break" daemon [_thread_in_native, id=15120, stack(0x000000001ee70000,0x000000001ef70000)]
  0x000000001db7b000 JavaThread "Attach Listener" daemon [_thread_blocked, id=19120, stack(0x000000001ed70000,0x000000001ee70000)]
  0x000000001db78000 JavaThread "Signal Dispatcher" daemon [_thread_blocked, id=15028, stack(0x000000001ec70000,0x000000001ed70000)]
  0x000000001db06000 JavaThread "Finalizer" daemon [_thread_blocked, id=8508, stack(0x000000001ea60000,0x000000001eb60000)]
  0x000000001c76e000 JavaThread "Reference Handler" daemon [_thread_blocked, id=17200, stack(0x000000001e960000,0x000000001ea60000)]

Other Threads:
  0x000000001c761800 VMThread [stack: 0x000000001e860000,0x000000001e960000] [id=11880]
  0x000000001ddcb000 WatcherThread [stack: 0x000000001f470000,0x000000001f570000] [id=7348]

VM state:not at safepoint (normal execution)

VM Mutex/Monitor currently owned by a thread: None

heap address: 0x00000006c1e00000, size: 4066 MB, Compressed Oops mode: Zero based, Oop shift amount: 3
Narrow klass base: 0x0000000000000000, Narrow klass shift: 3
Compressed class space size: 1073741824 Address: 0x00000007c0000000

Heap:
 PSYoungGen      total 76288K, used 49098K [0x000000076b500000, 0x0000000770a00000, 0x00000007c0000000)
  eden space 65536K, 74% used [0x000000076b500000,0x000000076e4f2820,0x000000076f500000)
  from space 10752K, 0% used [0x000000076ff80000,0x000000076ff80000,0x0000000770a00000)
  to   space 10752K, 0% used [0x000000076f500000,0x000000076f500000,0x000000076ff80000)
 ParOldGen       total 175104K, used 0K [0x00000006c1e00000, 0x00000006cc900000, 0x000000076b500000)
  object space 175104K, 0% used [0x00000006c1e00000,0x00000006c1e00000,0x00000006cc900000)
 Metaspace       used 10936K, capacity 11027K, committed 11264K, reserved 1058816K
  class space    used 879K, capacity 912K, committed 1024K, reserved 1048576K

Card table byte_map: [0x0000000012110000,0x0000000012910000] byte_map_base: 0x000000000eb01000

Marking Bits: (ParMarkBitMap*) 0x0000000057f49f30
 Begin Bits: [0x0000000013660000, 0x00000000175e8000)
 End Bits:   [0x00000000175e8000, 0x000000001b570000)

Polling page: 0x00000000027b0000

CodeCache: size=245760Kb used=4707Kb max_used=4715Kb free=241052Kb
 bounds [0x0000000002d50000, 0x0000000003200000, 0x0000000011d50000]
 total_blobs=1945 nmethods=1139 adapters=720
 compilation: enabled

Compilation events (10 events):
Event: 20.271 Thread 0x000000001dd27000 1135       4       com.badlogic.gdx.graphics.g3d.shaders.BaseShader::render (150 bytes)
Event: 20.294 Thread 0x000000001dd27000 nmethod 1135 0x00000000031e8c90 code [0x00000000031e8f00, 0x00000000031ea480]
Event: 20.521 Thread 0x000000001dd28000 1136       4       org.lwjgl.opengl.Display::getPixelScaleFactor (9 bytes)
Event: 20.521 Thread 0x000000001dd28000 nmethod 1136 0x0000000003104310 code [0x0000000003104460, 0x0000000003104498]
Event: 21.370 Thread 0x000000001dd2a800 1137       3       java.nio.Bits::makeInt (29 bytes)
Event: 21.370 Thread 0x000000001dd2a800 nmethod 1137 0x00000000031e5d10 code [0x00000000031e5e60, 0x00000000031e5fb0]
Event: 21.370 Thread 0x000000001dd2a000 1138       4       com.badlogic.gdx.graphics.g3d.shaders.DefaultShader::bindLights (1221 bytes)
Event: 21.396 Thread 0x000000001dd2a000 nmethod 1138 0x00000000031ed150 code [0x00000000031ed3e0, 0x00000000031eecd0]
Event: 21.771 Thread 0x000000001dd27000 1139 %     4       com.badlogic.gdx.graphics.g3d.environment.AmbientCubemap::clamp @ 2 (34 bytes)
Event: 21.773 Thread 0x000000001dd27000 nmethod 1139% 0x00000000031e4890 code [0x00000000031e4a00, 0x00000000031e4cd8]

GC Heap History (0 events):
No events

Deoptimization events (10 events):
Event: 1.510 Thread 0x000000001f628000 Uncommon trap: reason=array_check action=maybe_recompile pc=0x000000000305cc50 method=com.badlogic.gdx.utils.Array.add(Ljava/lang/Object;)V @ 46
Event: 1.514 Thread 0x000000001dd06000 Uncommon trap: reason=unstable_if action=reinterpret pc=0x0000000003039478 method=java.util.regex.Pattern$Start.match(Ljava/util/regex/Matcher;ILjava/lang/CharSequence;)Z @ 10
Event: 1.514 Thread 0x000000001dd06000 Uncommon trap: reason=array_check action=maybe_recompile pc=0x00000000030634a8 method=java.util.AbstractCollection.toArray([Ljava/lang/Object;)[Ljava/lang/Object; @ 119
Event: 1.515 Thread 0x000000001dd06000 Uncommon trap: reason=array_check action=maybe_recompile pc=0x00000000030634a8 method=java.util.AbstractCollection.toArray([Ljava/lang/Object;)[Ljava/lang/Object; @ 119
Event: 1.515 Thread 0x000000001dd06000 Uncommon trap: reason=array_check action=maybe_recompile pc=0x00000000030634a8 method=java.util.AbstractCollection.toArray([Ljava/lang/Object;)[Ljava/lang/Object; @ 119
Event: 1.515 Thread 0x000000001dd06000 Uncommon trap: reason=unstable_if action=reinterpret pc=0x000000000304ca24 method=sun.misc.FloatingDecimal$ASCIIToBinaryBuffer.floatValue()F @ 65
Event: 1.529 Thread 0x000000001dd06000 Uncommon trap: reason=predicate action=maybe_recompile pc=0x0000000003049d8c method=java.util.regex.Pattern$Start.match(Ljava/util/regex/Matcher;ILjava/lang/CharSequence;)Z @ 37
Event: 1.700 Thread 0x000000001f628000 Uncommon trap: reason=unstable_if action=reinterpret pc=0x0000000003062dc0 method=java.util.Arrays.copyOf([Ljava/lang/Object;ILjava/lang/Class;)[Ljava/lang/Object; @ 3
Event: 1.768 Thread 0x000000001f628000 Uncommon trap: reason=unstable_if action=reinterpret pc=0x000000000307ad6c method=com.badlogic.gdx.math.collision.BoundingBox.set(Lcom/badlogic/gdx/math/Vector3;Lcom/badlogic/gdx/math/Vector3;)Lcom/badlogic/gdx/math/collision/BoundingBox; @ 13
Event: 10.940 Thread 0x000000001f628000 Uncommon trap: reason=array_check action=maybe_recompile pc=0x000000000305cc50 method=com.badlogic.gdx.utils.Array.add(Ljava/lang/Object;)V @ 46

Classes redefined (0 events):
No events

Internal exceptions (10 events):
Event: 0.167 Thread 0x0000000002b59800 Exception <a 'java/security/PrivilegedActionException'> (0x000000076babe298) thrown at [D:\src\AOSP-openjdk-cygwin\jdk8u\hotspot\src\share\vm\prims\jvm.cpp, line 1508]
Event: 0.167 Thread 0x0000000002b59800 Exception <a 'java/security/PrivilegedActionException'> (0x000000076babe4a8) thrown at [D:\src\AOSP-openjdk-cygwin\jdk8u\hotspot\src\share\vm\prims\jvm.cpp, line 1508]
Event: 0.167 Thread 0x0000000002b59800 Exception <a 'java/security/PrivilegedActionException'> (0x000000076babf9e0) thrown at [D:\src\AOSP-openjdk-cygwin\jdk8u\hotspot\src\share\vm\prims\jvm.cpp, line 1508]
Event: 0.167 Thread 0x0000000002b59800 Exception <a 'java/security/PrivilegedActionException'> (0x000000076babfbf0) thrown at [D:\src\AOSP-openjdk-cygwin\jdk8u\hotspot\src\share\vm\prims\jvm.cpp, line 1508]
Event: 0.654 Thread 0x0000000002b59800 Exception <a 'java/security/PrivilegedActionException'> (0x000000076bced5f8) thrown at [D:\src\AOSP-openjdk-cygwin\jdk8u\hotspot\src\share\vm\prims\jvm.cpp, line 1508]
Event: 0.654 Thread 0x0000000002b59800 Exception <a 'java/security/PrivilegedActionException'> (0x000000076bcef2d0) thrown at [D:\src\AOSP-openjdk-cygwin\jdk8u\hotspot\src\share\vm\prims\jvm.cpp, line 1508]
Event: 0.654 Thread 0x0000000002b59800 Exception <a 'java/security/PrivilegedActionException'> (0x000000076bcf0440) thrown at [D:\src\AOSP-openjdk-cygwin\jdk8u\hotspot\src\share\vm\prims\jvm.cpp, line 1508]
Event: 0.654 Thread 0x0000000002b59800 Exception <a 'java/security/PrivilegedActionException'> (0x000000076bcf5980) thrown at [D:\src\AOSP-openjdk-cygwin\jdk8u\hotspot\src\share\vm\prims\jvm.cpp, line 1508]
Event: 0.654 Thread 0x0000000002b59800 Exception <a 'java/security/PrivilegedActionException'> (0x000000076bcf65d8) thrown at [D:\src\AOSP-openjdk-cygwin\jdk8u\hotspot\src\share\vm\prims\jvm.cpp, line 1508]
Event: 0.654 Thread 0x0000000002b59800 Exception <a 'java/security/PrivilegedActionException'> (0x000000076bcf7200) thrown at [D:\src\AOSP-openjdk-cygwin\jdk8u\hotspot\src\share\vm\prims\jvm.cpp, line 1508]

Events (10 events):
Event: 10.940 Thread 0x000000001f964000 Thread added: 0x000000001f964000
Event: 10.941 Executing VM operation: RevokeBias
Event: 10.941 Executing VM operation: RevokeBias done
Event: 22.423 loading class com/badlogic/gdx/backends/lwjgl/LwjglApplication$2
Event: 22.423 loading class com/badlogic/gdx/backends/lwjgl/LwjglApplication$2 done
Event: 22.424 Executing VM operation: RevokeBias
Event: 22.424 Executing VM operation: RevokeBias done
Event: 22.424 Thread 0x000000001f964000 Thread exited: 0x000000001f964000
Event: 22.424 loading class com/badlogic/gdx/utils/ArrayMap$Values
Event: 22.424 loading class com/badlogic/gdx/utils/ArrayMap$Values done


Dynamic libraries:
0x00007ff7229d0000 - 0x00007ff722a01000 	C:\Program Files\Android\Android Studio\jre\bin\java.exe
0x00007ffe22cc0000 - 0x00007ffe22eb0000 	C:\WINDOWS\SYSTEM32\ntdll.dll
0x00007ffe212a0000 - 0x00007ffe21352000 	C:\WINDOWS\System32\KERNEL32.DLL
0x00007ffe1fc50000 - 0x00007ffe1fef3000 	C:\WINDOWS\System32\KERNELBASE.dll
0x00007ffe1cd90000 - 0x00007ffe1ce1f000 	C:\WINDOWS\SYSTEM32\apphelp.dll
0x00007ffdbbfa0000 - 0x00007ffdbc432000 	C:\WINDOWS\SYSTEM32\AcLayers.DLL
0x00007ffe21b30000 - 0x00007ffe21bce000 	C:\WINDOWS\System32\msvcrt.dll
0x00007ffe21bd0000 - 0x00007ffe21d64000 	C:\WINDOWS\System32\USER32.dll
0x00007ffe1fc20000 - 0x00007ffe1fc41000 	C:\WINDOWS\System32\win32u.dll
0x00007ffe22640000 - 0x00007ffe22666000 	C:\WINDOWS\System32\GDI32.dll
0x00007ffe1ff00000 - 0x00007ffe20094000 	C:\WINDOWS\System32\gdi32full.dll
0x00007ffe20ca0000 - 0x00007ffe20d3e000 	C:\WINDOWS\System32\msvcp_win.dll
0x00007ffe209f0000 - 0x00007ffe20aea000 	C:\WINDOWS\System32\ucrtbase.dll
0x00007ffe22b40000 - 0x00007ffe22b92000 	C:\WINDOWS\System32\SHLWAPI.dll
0x00007ffe20e20000 - 0x00007ffe21156000 	C:\WINDOWS\System32\combase.dll
0x00007ffe215a0000 - 0x00007ffe216c0000 	C:\WINDOWS\System32\RPCRT4.dll
0x00007ffe20ba0000 - 0x00007ffe20c20000 	C:\WINDOWS\System32\bcryptPrimitives.dll
0x00007ffe22ba0000 - 0x00007ffe22c43000 	C:\WINDOWS\System32\ADVAPI32.dll
0x00007ffe22670000 - 0x00007ffe22707000 	C:\WINDOWS\System32\sechost.dll
0x0000000000c50000 - 0x0000000000c53000 	C:\WINDOWS\SYSTEM32\sfc.dll
0x00007ffe04c00000 - 0x00007ffe04c89000 	C:\WINDOWS\SYSTEM32\WINSPOOL.DRV
0x00007ffe1fb70000 - 0x00007ffe1fb81000 	C:\WINDOWS\System32\kernel.appcore.dll
0x00007ffe20870000 - 0x00007ffe20896000 	C:\WINDOWS\System32\bcrypt.dll
0x00007ffe1ddf0000 - 0x00007ffe1dedf000 	C:\WINDOWS\SYSTEM32\PROPSYS.dll
0x00007ffe22840000 - 0x00007ffe22904000 	C:\WINDOWS\System32\OLEAUT32.dll
0x00007ffe20d70000 - 0x00007ffe20e19000 	C:\WINDOWS\System32\shcore.dll
0x00007ffe1f080000 - 0x00007ffe1f0ba000 	C:\WINDOWS\SYSTEM32\IPHLPAPI.DLL
0x00007ffe1bf60000 - 0x00007ffe1bf71000 	C:\WINDOWS\SYSTEM32\sfc_os.DLL
0x00007ffe20d40000 - 0x00007ffe20d6e000 	C:\WINDOWS\System32\IMM32.DLL
0x00007ffe03240000 - 0x00007ffe034c5000 	C:\WINDOWS\WinSxS\amd64_microsoft.windows.common-controls_6595b64144ccf1df_6.0.18362.535_none_e6c3b34713100821\COMCTL32.dll
0x0000000059530000 - 0x0000000059602000 	C:\Program Files\Android\Android Studio\jre\jre\bin\msvcr100.dll
0x0000000057780000 - 0x0000000057fc6000 	C:\Program Files\Android\Android Studio\jre\jre\bin\server\jvm.dll
0x00007ffe22710000 - 0x00007ffe22718000 	C:\WINDOWS\System32\PSAPI.DLL
0x00007ffe03770000 - 0x00007ffe03779000 	C:\WINDOWS\SYSTEM32\WSOCK32.dll
0x00007ffe21530000 - 0x00007ffe2159f000 	C:\WINDOWS\System32\WS2_32.dll
0x00007ffe1cbc0000 - 0x00007ffe1cbe4000 	C:\WINDOWS\SYSTEM32\WINMM.dll
0x00007ffe1ebc0000 - 0x00007ffe1ebca000 	C:\WINDOWS\SYSTEM32\VERSION.dll
0x00007ffe1cb90000 - 0x00007ffe1cbbd000 	C:\WINDOWS\SYSTEM32\winmmbase.dll
0x00007ffe20820000 - 0x00007ffe2086a000 	C:\WINDOWS\System32\cfgmgr32.dll
0x00007ffe1ccd0000 - 0x00007ffe1ccdf000 	C:\Program Files\Android\Android Studio\jre\jre\bin\verify.dll
0x00007ffe1b4f0000 - 0x00007ffe1b519000 	C:\Program Files\Android\Android Studio\jre\jre\bin\java.dll
0x00007ffdf8fc0000 - 0x00007ffdf8fe3000 	C:\Program Files\Android\Android Studio\jre\jre\bin\instrument.dll
0x00007ffe1b4d0000 - 0x00007ffe1b4e6000 	C:\Program Files\Android\Android Studio\jre\jre\bin\zip.dll
0x00007ffe21d70000 - 0x00007ffe22455000 	C:\WINDOWS\System32\SHELL32.dll
0x00007ffe200a0000 - 0x00007ffe2081f000 	C:\WINDOWS\System32\windows.storage.dll
0x00007ffe1fbb0000 - 0x00007ffe1fbcf000 	C:\WINDOWS\System32\profapi.dll
0x00007ffe1fbd0000 - 0x00007ffe1fc1a000 	C:\WINDOWS\System32\powrprof.dll
0x00007ffe1fb60000 - 0x00007ffe1fb70000 	C:\WINDOWS\System32\UMPDC.dll
0x00007ffe20c20000 - 0x00007ffe20c37000 	C:\WINDOWS\System32\cryptsp.dll
0x00007ffe03fe0000 - 0x00007ffe03ffa000 	C:\Program Files\Android\Android Studio\bin\breakgen64.dll
0x00007ffe1b440000 - 0x00007ffe1b45a000 	C:\Program Files\Android\Android Studio\jre\jre\bin\net.dll
0x00007ffe1f370000 - 0x00007ffe1f3d7000 	C:\WINDOWS\system32\mswsock.dll
0x0000000065ac0000 - 0x0000000065b0b000 	C:\Users\oleg\AppData\Local\Temp\libgdxoleg\7d76f548\gdx64.dll
0x00007ffe1eee0000 - 0x00007ffe1ef13000 	C:\WINDOWS\system32\rsaenh.dll
0x00007ffe1fa50000 - 0x00007ffe1fa75000 	C:\WINDOWS\SYSTEM32\USERENV.dll
0x00007ffe1f540000 - 0x00007ffe1f54c000 	C:\WINDOWS\SYSTEM32\CRYPTBASE.dll
0x00007ffe22720000 - 0x00007ffe22728000 	C:\WINDOWS\System32\NSI.dll
0x00007ffe1e120000 - 0x00007ffe1e136000 	C:\WINDOWS\SYSTEM32\dhcpcsvc6.DLL
0x00007ffe1e100000 - 0x00007ffe1e11c000 	C:\WINDOWS\SYSTEM32\dhcpcsvc.DLL
0x00007ffe1f0d0000 - 0x00007ffe1f19a000 	C:\WINDOWS\SYSTEM32\DNSAPI.dll
0x00007ffe0dfc0000 - 0x00007ffe0dfd1000 	C:\Program Files\Android\Android Studio\jre\jre\bin\nio.dll
0x0000000180000000 - 0x0000000180053000 	C:\Users\oleg\AppData\Local\Temp\libgdxoleg\1cecf4f6\lwjgl64.dll
0x00007ffe0d530000 - 0x00007ffe0d686000 	C:\WINDOWS\SYSTEM32\OPENGL32.dll
0x00007ffe166d0000 - 0x00007ffe166fc000 	C:\WINDOWS\SYSTEM32\GLU32.dll
0x00007ffe1e5b0000 - 0x00007ffe1e5d0000 	C:\WINDOWS\SYSTEM32\dxcore.dll
0x0000000020910000 - 0x0000000020974000 	C:\Users\oleg\AppData\Local\Temp\libgdxoleg\1cecf4f6\OpenAL64.dll
0x00007ffe224e0000 - 0x00007ffe22636000 	C:\WINDOWS\System32\ole32.dll
0x00007ffe1ce90000 - 0x00007ffe1cf29000 	C:\WINDOWS\system32\uxtheme.dll
0x00007ffe22730000 - 0x00007ffe227d2000 	C:\WINDOWS\System32\clbcatq.dll
0x00007ffde65d0000 - 0x00007ffde6669000 	C:\WINDOWS\SYSTEM32\dsound.dll
0x00007ffe15ff0000 - 0x00007ffe16062000 	C:\WINDOWS\System32\MMDevApi.dll
0x00007ffe1f900000 - 0x00007ffe1f92a000 	C:\WINDOWS\System32\DEVOBJ.dll
0x00007ffe16070000 - 0x00007ffe161cd000 	C:\WINDOWS\SYSTEM32\AUDIOSES.DLL
0x00007ffe1b580000 - 0x00007ffe1b6d3000 	C:\WINDOWS\SYSTEM32\wintypes.dll
0x00007ffe1b2f0000 - 0x00007ffe1b39e000 	C:\WINDOWS\SYSTEM32\mscms.dll
0x00007ffe1a440000 - 0x00007ffe1a457000 	C:\WINDOWS\SYSTEM32\ColorAdapterClient.dll
0x00007ffe12ec0000 - 0x00007ffe12eda000 	C:\Windows\System32\Windows.Internal.Graphics.Display.DisplayColorManagement.dll
0x00007ffe21160000 - 0x00007ffe21295000 	C:\WINDOWS\System32\MSCTF.dll
0x00007ffe12ee0000 - 0x00007ffe12f7e000 	C:\WINDOWS\System32\TextInputFramework.dll
0x00007ffe168b0000 - 0x00007ffe16bda000 	C:\WINDOWS\System32\CoreUIComponents.dll
0x00007ffe1c4a0000 - 0x00007ffe1c574000 	C:\WINDOWS\System32\CoreMessaging.dll
0x00007ffe1ea50000 - 0x00007ffe1ea81000 	C:\WINDOWS\SYSTEM32\ntmarta.dll
0x00007ffe0cc80000 - 0x00007ffe0cf26000 	C:\WINDOWS\System32\iertutil.dll
0x00007ffdbdae0000 - 0x00007ffdbe98f000 	C:\WINDOWS\System32\DriverStore\FileRepository\iigd_dch.inf_amd64_c6af1164d61e84b6\ig9icd64.dll
0x00007ffe1d3b0000 - 0x00007ffe1d3dd000 	C:\WINDOWS\SYSTEM32\dwmapi.dll
0x00007ffe1e640000 - 0x00007ffe1e72b000 	C:\WINDOWS\system32\dxgi.dll
0x00007ffdf69c0000 - 0x00007ffdf6a03000 	C:\WINDOWS\SYSTEM32\icm32.dll
0x00007ffe11500000 - 0x00007ffe1161a000 	C:\WINDOWS\System32\DriverStore\FileRepository\iigd_dch.inf_amd64_c6af1164d61e84b6\igdgmm64.dll
0x00007ffe0f550000 - 0x00007ffe114f7000 	C:\WINDOWS\System32\DriverStore\FileRepository\iigd_dch.inf_amd64_c6af1164d61e84b6\igc64.dll
0x0000000067cc0000 - 0x00000000681b3000 	C:\Users\oleg\AppData\Local\Temp\libgdxoleg\94dd86da\gdx-bullet64.dll
0x00007ffe16430000 - 0x00007ffe16495000 	C:\WINDOWS\system32\Ninput.dll
0x00007ffe1e360000 - 0x00007ffe1e554000 	C:\WINDOWS\SYSTEM32\dbghelp.dll

VM Arguments:
jvm_args: -javaagent:C:\Program Files\Android\Android Studio\lib\idea_rt.jar=61272:C:\Program Files\Android\Android Studio\bin -Dfile.encoding=UTF-8 
java_command: com.mygdx.game.desktop.DesktopLauncher
java_class_path (initial): C:\Program Files\Android\Android Studio\jre\jre\lib\charsets.jar;C:\Program Files\Android\Android Studio\jre\jre\lib\ext\access-bridge-64.jar;C:\Program Files\Android\Android Studio\jre\jre\lib\ext\cldrdata.jar;C:\Program Files\Android\Android Studio\jre\jre\lib\ext\dnsns.jar;C:\Program Files\Android\Android Studio\jre\jre\lib\ext\jaccess.jar;C:\Program Files\Android\Android Studio\jre\jre\lib\ext\localedata.jar;C:\Program Files\Android\Android Studio\jre\jre\lib\ext\nashorn.jar;C:\Program Files\Android\Android Studio\jre\jre\lib\ext\sunec.jar;C:\Program Files\Android\Android Studio\jre\jre\lib\ext\sunjce_provider.jar;C:\Program Files\Android\Android Studio\jre\jre\lib\ext\sunmscapi.jar;C:\Program Files\Android\Android Studio\jre\jre\lib\ext\sunpkcs11.jar;C:\Program Files\Android\Android Studio\jre\jre\lib\ext\zipfs.jar;C:\Program Files\Android\Android Studio\jre\jre\lib\jce.jar;C:\Program Files\Android\Android Studio\jre\jre\lib\jsse.jar;C:\Program Files\Android\Android Studio\jre\jre\lib\management-agent.jar;C:\Program Files\Android\Android Studio\jre\jre\lib\resources.jar;C:\Program Files\Android\Android Studio\jre\jre\lib\rt.jar;C:\LibGDX\Labirint\desktop\build\classes\java\main;C:\LibGDX\Labirint\desktop\build\resources\main;C:\LibGDX\Labirint\core\build\classes\java\main;C:\Users\oleg\.gradle\caches\modules-2\files-2.1\com.badlogicgames.box2dlights\box2dlights\1.4\3d77ad5b4164fb32fc67e2446e35911bb0aaf0bd\box2dlights-1.4.jar;C:\Users\oleg\.gradle\caches\modules-2\files-2.1\com.badlogicgames.gdx\gdx-box2d\1.9.10\d68a7a3484d47529a8d23cd467579eb098b38a9e\gdx-box2d-1.9.10.jar;C:\Users\oleg\.gradle\caches\modules-2\files-2.1\com.badlogicgames.gdx\gdx-controllers\1.9.10\b63b3ad62050405148be30ffd2e1946c13123cec\gdx-controllers-1.9.10.jar;C:\Users\oleg\.gradle\caches\modules-2\files-2.1\com.badlogicgames.gdx\gdx-bullet\1.9.10\4208c56dd3fa70377b5b3da66278b3070ade38cc\gdx-bullet-1.9.10.jar;C:\Users\oleg\.gradle\caches\modules-2\files-2.1\com.
Launcher Type: SUN_STANDARD

Environment Variables:
PATH=C:\Program Files (x86)\Common Files\Oracle\Java\javapath;C:\WINDOWS\system32;C:\WINDOWS;C:\WINDOWS\System32\Wbem;C:\WINDOWS\System32\WindowsPowerShell\v1.0\;C:\WINDOWS\System32\OpenSSH\;C:\Program Files\Intel\WiFi\bin\;C:\Program Files\Common Files\Intel\WirelessCommon\;C:\Program Files (x86)\Intel\Intel(R) Management Engine Components\DAL;C:\Program Files\Intel\Intel(R) Management Engine Components\DAL;C:\Program Files\Git\cmd;C:\Users\oleg\AppData\Local\Microsoft\WindowsApps;
USERNAME=oleg
OS=Windows_NT
PROCESSOR_IDENTIFIER=Intel64 Family 6 Model 142 Stepping 11, GenuineIntel



---------------  S Y S T E M  ---------------

OS: Windows 10.0 , 64 bit Build 18362 (10.0.18362.329)

CPU:total 8 (initial active 8) (4 cores per cpu, 2 threads per core) family 6 model 142 stepping 11, cmov, cx8, fxsr, mmx, sse, sse2, sse3, ssse3, sse4.1, sse4.2, popcnt, avx, avx2, aes, clmul, erms, 3dnowpref, lzcnt, ht, tsc, tscinvbit, bmi1, bmi2, adx

Memory: 4k page, physical 16646960k(5515376k free), swap 20169240k(6656520k free)

vm_info: OpenJDK 64-Bit Server VM (25.202-b03) for windows-amd64 JRE (1.8.0_202-release-1483-b03), built by "builder" with MS VC++ 10.0 (VS2010)

time: Tue Dec 31 16:11:11 2019
timezone: RTZ 2 (зима)
elapsed time: 22 seconds (0d 0h 0m 22s)

>>>>>>> Stashed changes
